0 info it worked if it ends with ok
1 verbose cli [ '/usr/local/bin/node', '/usr/local/bin/npm', 'run', 'stage00' ]
2 info using npm@3.7.3
3 info using node@v5.8.0
4 verbose run-script [ 'prestage00', 'stage00', 'poststage00' ]
5 info lifecycle quest@1.0.0~prestage00: quest@1.0.0
6 silly lifecycle quest@1.0.0~prestage00: no script for prestage00, continuing
7 info lifecycle quest@1.0.0~stage00: quest@1.0.0
8 verbose lifecycle quest@1.0.0~stage00: unsafe-perm in lifecycle true
9 verbose lifecycle quest@1.0.0~stage00: PATH: /usr/local/lib/node_modules/npm/bin/node-gyp-bin:/Users/m.hromov/Documents/rambler-co/buldozer/node_modules/.bin:/usr/local/bin:/usr/local/bin:/usr/bin:/bin:/usr/sbin:/sbin
10 verbose lifecycle quest@1.0.0~stage00: CWD: /Users/m.hromov/Documents/rambler-co/buldozer
11 silly lifecycle quest@1.0.0~stage00: Args: [ '-c',
11 silly lifecycle   'webpack-dev-server --colors --port 9090 NODE_VER=stage00' ]
12 silly lifecycle quest@1.0.0~stage00: Returned: code: 1  signal: null
13 info lifecycle quest@1.0.0~stage00: Failed to exec stage00 script
14 verbose stack Error: quest@1.0.0 stage00: `webpack-dev-server --colors --port 9090 NODE_VER=stage00`
14 verbose stack Exit status 1
14 verbose stack     at EventEmitter.<anonymous> (/usr/local/lib/node_modules/npm/lib/utils/lifecycle.js:239:16)
14 verbose stack     at emitTwo (events.js:100:13)
14 verbose stack     at EventEmitter.emit (events.js:185:7)
14 verbose stack     at ChildProcess.<anonymous> (/usr/local/lib/node_modules/npm/lib/utils/spawn.js:24:14)
14 verbose stack     at emitTwo (events.js:100:13)
14 verbose stack     at ChildProcess.emit (events.js:185:7)
14 verbose stack     at maybeClose (internal/child_process.js:850:16)
14 verbose stack     at Process.ChildProcess._handle.onexit (internal/child_process.js:215:5)
15 verbose pkgid quest@1.0.0
16 verbose cwd /Users/m.hromov/Documents/rambler-co/buldozer
17 error Darwin 15.5.0
18 error argv "/usr/local/bin/node" "/usr/local/bin/npm" "run" "stage00"
19 error node v5.8.0
20 error npm  v3.7.3
21 error code ELIFECYCLE
22 error quest@1.0.0 stage00: `webpack-dev-server --colors --port 9090 NODE_VER=stage00`
22 error Exit status 1
23 error Failed at the quest@1.0.0 stage00 script 'webpack-dev-server --colors --port 9090 NODE_VER=stage00'.
23 error Make sure you have the latest version of node.js and npm installed.
23 error If you do, this is most likely a problem with the quest package,
23 error not with npm itself.
23 error Tell the author that this fails on your system:
23 error     webpack-dev-server --colors --port 9090 NODE_VER=stage00
23 error You can get information on how to open an issue for this project with:
23 error     npm bugs quest
23 error Or if that isn't available, you can get their info via:
23 error     npm owner ls quest
23 error There is likely additional logging output above.
24 verbose exit [ 1, true ]
